SF:lib/models/UploadResponse.dart
DA:6,1
DA:12,0
DA:13,0
DA:14,0
DA:15,0
DA:16,0
LF:6
LH:1
end_of_record
SF:lib/services/upload_service.dart
DA:11,0
DA:13,0
DA:14,0
DA:16,0
DA:17,0
DA:18,0
DA:20,0
DA:21,0
DA:22,0
DA:28,0
DA:29,0
DA:30,0
DA:33,0
DA:34,0
DA:36,0
DA:44,0
LF:16
LH:0
end_of_record
SF:lib/viewmodels/UploadViewmodel.dart
DA:17,1
DA:18,2
DA:21,2
DA:22,2
DA:23,2
DA:24,2
DA:27,1
DA:29,1
DA:32,1
DA:33,1
DA:34,1
DA:35,2
DA:36,1
DA:39,0
DA:40,0
DA:42,0
DA:43,0
DA:47,0
DA:48,0
DA:49,0
DA:50,0
DA:51,0
DA:55,1
DA:56,2
DA:57,1
DA:58,1
DA:62,0
DA:63,0
DA:64,0
DA:67,0
DA:68,0
DA:70,0
DA:72,0
DA:73,0
DA:74,0
DA:75,0
DA:78,0
DA:79,0
DA:82,0
DA:83,0
DA:86,1
DA:87,2
DA:88,1
DA:91,1
DA:92,2
DA:93,1
DA:94,1
DA:95,1
LF:48
LH:25
end_of_record
SF:lib/models/history_request.dart
DA:11,1
DA:19,0
DA:20,0
DA:21,0
DA:22,0
DA:23,0
DA:25,0
DA:26,0
DA:27,0
DA:32,0
DA:33,0
DA:34,0
DA:35,0
DA:36,0
DA:37,0
DA:38,0
LF:16
LH:1
end_of_record
SF:lib/services/history_service.dart
DA:10,0
DA:11,0
DA:12,0
DA:13,0
DA:16,0
DA:17,0
DA:18,0
DA:20,0
DA:22,0
DA:25,0
DA:27,0
DA:28,0
DA:29,0
DA:32,0
DA:33,0
DA:34,0
DA:37,0
DA:39,0
DA:40,0
DA:43,0
DA:44,0
DA:46,0
DA:47,0
LF:23
LH:0
end_of_record
SF:lib/viewmodels/HistoryViewModel.dart
DA:10,2
DA:14,2
DA:18,2
DA:20,1
DA:22,1
DA:23,1
DA:24,1
DA:25,1
DA:28,2
DA:29,3
DA:31,1
DA:33,1
DA:36,1
DA:37,1
DA:40,1
DA:41,1
DA:42,1
DA:45,2
DA:46,5
DA:48,1
DA:51,1
DA:52,1
LF:22
LH:22
end_of_record
SF:lib/models/login_request.dart
DA:11,1
DA:14,0
DA:15,0
LF:3
LH:1
end_of_record
SF:lib/models/login_request.g.dart
DA:9,0
DA:10,0
DA:11,0
DA:14,0
DA:15,0
DA:16,0
DA:17,0
LF:7
LH:0
end_of_record
SF:lib/models/login_response.dart
DA:12,1
DA:19,0
DA:20,0
DA:22,0
DA:23,1
DA:25,5
LF:6
LH:3
end_of_record
SF:lib/models/login_response.g.dart
DA:9,0
DA:10,0
DA:11,0
DA:12,0
DA:13,0
DA:14,0
DA:17,0
DA:18,0
DA:19,0
DA:20,0
DA:21,0
DA:22,0
LF:12
LH:0
end_of_record
SF:lib/models/register_request.dart
DA:10,1
DA:12,0
DA:13,0
LF:3
LH:1
end_of_record
SF:lib/models/register_request.g.dart
DA:9,0
DA:10,0
DA:11,0
DA:12,0
DA:15,0
DA:16,0
DA:17,0
DA:18,0
LF:8
LH:0
end_of_record
SF:lib/models/register_response.dart
DA:5,1
DA:7,0
DA:8,0
DA:9,0
DA:10,0
LF:5
LH:1
end_of_record
SF:lib/services/auth_service.g.dart
DA:12,1
DA:17,1
DA:26,0
DA:28,0
DA:29,0
DA:30,0
DA:31,0
DA:32,0
DA:33,0
DA:38,0
DA:39,0
DA:44,0
DA:45,0
DA:46,0
DA:47,0
DA:49,0
DA:52,0
DA:54,0
DA:60,0
DA:62,0
DA:63,0
DA:64,0
DA:65,0
DA:66,0
DA:67,0
DA:72,0
DA:73,0
DA:78,0
DA:79,0
DA:80,0
DA:81,0
DA:83,0
DA:86,0
DA:88,0
DA:94,0
DA:95,0
DA:96,0
DA:97,0
DA:98,0
DA:99,0
DA:101,0
DA:107,0
DA:111,0
DA:115,0
DA:117,0
DA:118,0
DA:121,0
LF:47
LH:2
end_of_record
SF:lib/viewmodels/AuthViewmodel.dart
DA:15,1
DA:17,1
DA:20,1
DA:21,1
DA:22,2
DA:27,0
DA:31,2
DA:32,1
DA:33,1
DA:37,2
DA:38,1
DA:39,1
DA:43,0
DA:46,0
DA:49,1
DA:50,1
DA:51,1
DA:52,1
DA:55,1
DA:57,2
DA:58,1
DA:59,1
DA:60,2
DA:61,1
DA:62,1
DA:63,1
DA:64,1
DA:65,2
DA:68,2
DA:70,1
DA:71,4
DA:72,5
DA:73,4
DA:75,3
DA:76,1
DA:79,1
DA:80,3
DA:83,1
DA:84,1
DA:88,1
DA:89,1
DA:90,1
DA:91,1
DA:94,1
DA:95,2
DA:96,1
DA:98,1
DA:99,2
DA:101,1
DA:104,1
DA:105,4
DA:106,5
DA:107,4
DA:109,3
DA:110,1
DA:113,3
DA:116,1
DA:117,1
DA:120,1
DA:121,1
DA:122,1
DA:125,1
DA:126,1
DA:127,1
LF:64
LH:61
end_of_record
